961
16617.62 31517.80 15432.96 9597.46 7978.21 10765.54 26852.91 12400.83 
6343.50 8715.79 20477.68 31496.81 19124.70 11425.01 29823.95 29851.31 
7160.94 19984.92 2475.86 24434.89 32303.73 2509.88 23446.59 32076.78 
32264.53 30463.41 1962.05 3035.90 9156.59 9475.85 1316.68 4422.11 
9149.69 20456.10 32148.34 30885.54 24285.23 25843.55 30048.41 32392.01 
13090.29 22300.06 17474.93 28016.66 7201.89 17295.15 24005.90 10835.63 
9088.33 26156.22 27084.76 4381.89 8570.71 24072.00 11532.84 8490.22 
19807.51 16873.00 16781.15 31181.25 7697.37 1229.24 7980.10 9933.71 
31368.89 10852.93 29724.45 15586.75 14927.69 19346.45 19808.38 17980.38 
30213.49 27374.28 3922.61 32508.07 10205.31 6470.23 15904.79 25017.46 
7198.92 27161.67 5706.84 1021.16 12708.24 14363.90 29989.54 17093.75 
27229.02 14772.71 4443.22 16133.84 19405.54 25985.02 872.51 10785.27 
3978.49 9937.64 7710.34 25205.47 9153.93 25130.13 5922.90 24526.87 
31663.47 18882.90 32622.91 28654.53 12328.42 518.29 3021.84 17164.84 
28692.21 5655.84 11618.40 18514.30 16621.89 15431.72 31265.04 23134.55 
3907.70 27296.24 25940.66 15297.42 3896.81 15198.47 18455.39 25475.11 
27908.24 8560.04 14812.53 6557.56 19825.77 27899.01 14568.59 25469.91 
7776.12 8151.89 8917.48 16518.04 14147.15 4624.83 32014.79 13965.33 
18849.23 26214.82 3413.23 11869.44 8597.74 20173.12 16961.19 8243.32 
13903.67 8430.81 27576.40 4163.23 2706.37 15012.37 17273.71 23346.02 
23860.40 13952.49 17814.07 21146.40 10657.52 28742.97 22770.54 10633.44 
30809.83 22893.72 18375.49 12546.09 32621.96 7587.89 2082.85 25722.99 
4869.48 5959.20 21604.62 18012.20 26077.36 5100.25 5059.35 3206.21 
6596.59 26845.13 4808.84 7370.02 8219.92 22420.98 3023.95 22894.32 
27228.74 16961.83 32650.51 15788.86 27281.02 12362.43 23934.37 18995.88 
25560.48 8901.34 31876.60 16804.68 2790.80 14591.00 25417.77 13589.38 
30337.97 9464.07 24782.37 24721.70 24580.81 28645.76 29929.37 22422.93 
13279.57 3757.41 2243.92 406.03 29204.66 18028.09 30552.10 26232.82 
24251.50 24820.38 26106.88 19220.30 639.58 12615.28 27854.17 7610.16 
31519.46 26653.21 3916.99 12971.30 7150.10 14436.18 1219.76 20637.55 
24148.21 19387.01 20692.75 3388.55 8778.68 1783.80 11251.60 31140.65 
16097.26 7838.37 15337.04 7912.00 25276.27 31598.97 7252.62 19086.81 
17554.46 28375.99 14117.72 11025.60 9133.02 14205.92 27936.55 15454.73 
6253.64 21943.31 3680.32 1111.94 13510.83 12307.95 8913.56 8019.07 
29886.20 2000.13 692.57 7323.88 32496.03 15714.02 16159.90 10991.05 
13579.79 25841.22 23162.11 5375.18 5203.97 10970.39 20739.50 3570.10 
26143.88 2092.00 29003.09 19939.12 16474.67 18221.25 1207.61 32351.51 
22019.42 22483.09 18431.75 30440.10 6061.42 29771.34 13234.40 18805.97 
9215.47 5493.99 5296.11 7920.31 2100.43 14182.57 29871.62 25526.31 
20636.79 28133.68 21175.56 17435.32 26906.44 18670.63 11174.23 30947.01 
19876.50 2354.24 21164.50 25546.73 2758.34 9365.68 6608.95 31741.92 
3616.68 6831.52 19050.95 2719.77 18147.82 6476.88 28071.00 14149.84 
5719.02 28908.69 25863.17 25722.94 4184.96 22851.09 21218.62 23612.12 
3029.41 1466.94 21215.31 19580.65 848.89 2540.47 636.76 5026.34 
17760.60 3626.06 22921.02 23815.80 30002.37 21495.10 21165.69 3449.92 
23300.81 2701.05 25567.09 32699.45 1192.49 29526.59 18158.59 4354.71 
13831.35 22132.82 4602.03 32121.42 10652.19 18234.75 8184.24 3262.65 
8436.26 14512.74 18738.76 3683.92 17717.00 25107.18 27589.59 9838.39 
22420.92 29522.28 17441.18 27097.20 12765.58 6547.91 5517.41 19218.91 
5871.68 21420.66 8864.83 22140.12 21309.36 5802.99 30152.90 16108.14 
11598.49 16973.47 31175.49 14894.84 9790.20 25994.19 25138.34 11646.59 
2619.50 21256.28 25585.83 10767.38 20745.99 1443.54 15809.69 14727.98 
20095.74 21740.25 4276.01 31360.30 13063.28 31143.01 2224.23 3336.85 
23585.69 25164.81 21740.33 20258.30 29921.88 22407.12 28790.17 26948.20 
26221.93 28856.22 15024.84 10967.83 6272.55 22643.56 24526.28 14011.12 
489.75 24833.27 4442.94 32704.77 2316.54 26845.82 3761.55 5421.40 
13408.81 3896.80 32131.07 16188.97 10992.29 14453.81 4694.75 27548.15 
1243.72 25262.45 2307.28 27118.96 27604.01 18989.50 27960.11 30793.44 
2978.69 24052.17 13044.86 8118.52 21153.32 1077.51 7950.91 24757.93 
575.15 11995.92 32687.01 12214.33 3967.86 16384.79 13523.13 16800.47 
21370.39 15988.28 2253.39 10318.57 3033.95 23100.20 22720.07 16141.75 
11100.15 16656.05 3366.82 26399.60 31318.19 17116.14 25164.95 5179.92 
1839.28 17985.89 212.86 10507.51 26337.07 3345.20 26162.58 9132.19 
17787.34 18646.96 7471.44 6705.80 18081.64 32588.74 18026.92 1825.49 
13834.24 16098.52 28882.51 26101.99 2049.08 9021.59 16941.80 8091.09 
10724.87 10676.58 28564.63 18165.22 8872.37 21973.59 1524.43 9562.18 
851.70 9695.48 654.62 5908.94 10112.89 22342.26 15224.14 14305.58 
17887.44 31539.59 6171.17 24434.44 20658.07 23297.44 6579.90 28143.27 
9810.62 11457.86 13266.48 26737.58 4520.98 6070.87 29917.03 25990.08 
6836.26 2265.49 32397.87 18865.32 9993.98 22359.85 20079.78 21479.30 
27214.48 14606.53 22116.43 31251.41 9919.34 1812.86 25890.95 5523.29 
15786.09 21041.53 24241.60 24504.99 4083.86 18271.16 17647.55 15946.11 
11921.29 25681.14 4109.83 24578.21 23310.50 31721.45 22288.38 10511.18 
22538.21 2752.75 18513.22 28561.87 2489.99 23458.47 29181.72 2081.83 
26209.61 31759.12 23189.08 8775.04 14045.50 188.64 26991.86 29955.00 
10012.43 6672.98 7987.64 15172.68 9891.20 30887.68 7775.83 115.83 
6407.51 466.69 964.61 15593.26 22132.94 21525.22 3847.95 17012.29 
31784.11 7080.82 6944.82 30935.39 3320.84 14070.46 26334.47 27208.81 
25035.60 11041.84 11618.87 8176.47 27162.94 26748.76 3743.23 20078.89 
15478.10 24336.67 18400.73 21076.27 30466.79 25368.27 15426.24 31912.73 
28660.04 24965.35 19766.36 12133.59 13848.14 25722.59 769.34 18935.87 
24910.83 26577.67 1339.36 26050.86 13063.48 32148.35 25427.78 25244.82 
1740.48 17029.78 11529.58 17231.80 4790.72 8854.86 23283.91 23064.63 
30711.22 28018.80 1785.76 17707.00 9040.83 15090.72 29913.76 15147.61 
32153.13 8105.46 27299.11 10166.57 27708.41 12633.46 22846.65 6104.84 
8634.76 23419.76 21729.99 30355.78 15909.34 955.17 23963.87 6494.90 
16292.74 32377.53 30668.51 7330.65 17138.43 21322.09 5290.25 4159.43 
5087.44 20852.08 19133.16 29701.61 3533.02 29814.29 24162.85 1084.78 
19509.56 6270.87 6732.41 22044.08 11040.58 32497.23 30718.48 17493.63 
6062.79 8934.05 6227.39 11145.14 12434.39 23979.43 3062.46 30413.61 
13971.40 23359.17 27626.45 31787.15 19725.14 24278.11 16900.11 10531.94 
2670.88 22361.74 16747.84 32549.34 22714.54 17379.76 20255.49 24601.05 
9736.58 26692.89 23151.31 10968.47 25858.96 20866.79 1410.95 10160.17 
23913.30 10835.00 7631.71 17635.44 19598.06 24484.18 25765.78 9001.01 
21978.96 5398.29 10148.69 29226.91 17223.41 27004.07 10561.84 7428.37 
5605.18 2910.48 22854.22 18123.95 26198.10 7545.40 23887.18 5892.72 
5458.94 27452.39 26958.33 22057.63 19492.39 27980.55 26633.65 23080.90 
19755.18 7681.58 29591.63 17124.66 5210.31 7655.92 7654.57 1714.66 
18360.44 10302.99 2360.01 20189.05 30689.32 22395.61 20641.29 9251.38 
12419.48 14789.51 16523.22 27446.67 22753.90 13689.00 24371.88 12604.61 
25684.91 15781.68 17705.53 18511.91 21189.18 22160.41 17875.69 13309.74 
308.81 27184.25 26602.31 26057.32 18997.59 27827.69 11771.05 18857.61 
30317.34 20728.84 12008.71 8838.20 32025.45 19731.88 32357.82 14015.16 
5256.41 28364.56 25980.25 19622.25 4764.63 32.82 27401.07 30465.01 
7501.25 15295.62 11326.44 12682.19 11045.16 20876.76 1312.67 19824.13 
21445.07 15137.97 2312.42 11732.39 28767.83 24648.01 19236.95 21580.42 
3130.68 2947.94 30451.59 15716.46 9521.86 11908.55 14540.28 3352.40 
15412.11 30389.82 30296.23 2907.93 13766.49 12722.65 22291.73 28819.74 
2685.22 458.53 7375.10 539.84 18309.64 25219.52 19505.70 32447.00 
24349.36 32019.21 9522.12 23364.37 18712.48 19686.91 27551.50 20190.15 
29534.97 5151.88 32666.93 12215.46 617.12 8207.74 17942.02 8046.26 
25032.21 24000.02 24927.57 1942.46 9375.18 15981.75 14736.35 26163.11 
13860.57 27655.26 21787.06 27201.73 23076.45 19890.07 325.37 24621.78 
32124.55 23621.93 19111.08 28249.26 22177.51 18126.91 17838.42 8604.35 
22041.21 26380.73 10011.52 18880.32 26367.32 1523.13 11396.90 9730.44 
32643.84 28715.37 21713.18 24981.08 359.90 23185.91 26816.89 24608.91 
27267.58 5813.14 21346.36 23100.22 21826.92 5978.33 19100.79 18935.41 
18723.03 17658.58 18343.46 10067.55 23353.34 8767.04 20368.95 29895.08 
7851.91 16522.10 3000.66 7101.66 25909.01 1136.85 12885.27 6419.12 
20389.64 14904.58 16111.50 31131.54 11870.33 31327.39 31460.84 9882.45 
12761.99 24084.01 21989.53 588.18 27423.86 956.68 3702.57 21598.31 
7249.69 25455.14 10866.93 1651.23 22816.93 29561.82 16261.82 12448.89 
30549.09 7386.07 2992.13 30192.60 20298.28 32711.57 24009.99 12513.98 
19566.75 2086.86 19960.42 28645.08 19909.69 21014.98 17979.18 16866.55 
22118.06 24165.22 23266.62 21170.99 3580.60 5911.04 29460.81 22435.41 
4422.91 9190.07 16713.66 19448.81 4758.72 3773.28 3021.25 32102.85 
19029.26 14395.22 17731.23 26776.75 14206.69 7222.42 29984.40 26028.19 
12319.80 26166.93 28716.37 9396.44 16859.66 22006.94 24837.38 31286.50 
25195.57 29670.59 8347.17 31661.51 28696.96 5548.79 24245.11 27653.16 
578.57 12958.33 6762.32 30754.26 2524.67 2121.95 27305.97 17242.50 
16877.41 3822.64 5810.74 17398.23 28689.32 15871.05 32410.36 28597.45 
29943.92 8358.99 21451.27 14409.86 11488.45 14911.06 8578.42 22488.12 
8230.76 15065.46 9552.23 28029.12 947.26 953.85 30617.58 27076.47 
2437.06 31703.38 1047.06 19250.10 305.22 13407.84 21080.20 10938.91 
18525.08 23857.93 7740.96 6217.67 2884.75 2401.63 16504.23 18235.93 
21814.75 17336.77 26390.53 2787.10 28949.75 29489.62 7667.79 8968.71 
6617.39 3965.68 10047.32 22626.67 31501.32 9600.61 9216.82 26913.79 
336.27 11218.19 3216.55 17766.30 31445.32 10046.49 31002.69 7112.63 
2019.25 8006.16 14881.69 13777.19 23382.03 25245.80 16633.86 9342.31 
19228.43 7083.47 22604.06 15555.40 12473.76 13581.37 11415.45 25604.08 
6595.73 3603.58 9386.50 11421.55 18535.47 32576.97 2603.92 16987.04 
994.57 11981.22 531.97 9984.38 14600.41 13607.92 21808.66 16067.73 
27329.45 4460.94 2209.20 11470.39 29319.75 28146.71 18014.60 32703.78 
4330.58 13504.81 5549.28 11815.50 19980.17 29714.61 25518.90 25358.53 
10789.54 4825.00 23504.29 6765.61 7679.52 21817.34 4185.51 3506.65 
27515.86 12554.42 29410.98 28735.31 15883.44 29272.66 7384.82 31724.74 
6966.68 12259.34 26621.30 19840.41 8984.97 4000.00 22245.31 4412.02 
8414.35 23349.00 19834.11 32593.64 27470.19 25728.10 6520.10 10341.88 
5437.07 14865.28 19185.76 4626.24 28183.81 11180.61 23754.67 9062.56 
21084.52 7881.27 11580.73 24932.59 19485.87 13075.73 18004.43 31617.74 
898.45 14060.95 30324.26 10280.86 32583.28 27623.84 14544.33 20791.21 
13627.37 6988.75 28145.96 4224.57 27328.50 31384.12 25654.54 31817.42 
25933.09 24571.25 12366.43 17356.29 27375.15 18136.18 21950.02 7096.19 
4803.43 9288.73 16225.91 31405.23 25982.63 2967.65 2020.19 9668.28 
19942.78 8902.86 4678.90 3333.85 22870.73 26375.87 29278.53 30703.02 
18494.77 16708.28 9556.75 500.53 28320.32 27289.46 6694.19 26362.97 
25748.85 8405.25 2597.34 8156.14 1733.87 11005.95 8566.66 20198.49 
18162.98 11721.26 30610.67 31836.70 19566.17 20517.46 22470.35 8948.41 
25761.17 12209.66 22963.48 3159.02 17284.91 9537.24 18895.25 32165.66 
5160.18 22878.30 25058.90 13294.27 22832.32 10435.37 20874.53 12473.83 
7507.12 22753.13 5816.05 22145.65 29659.78 7259.33 9777.18 21810.88 
18728.05 26507.82 25614.68 26289.02 814.44 5371.67 27708.62 23377.70 
29171.63 23021.44 11004.81 30303.47 4114.89 2772.60 17764.35 6807.78 
4922.75 12248.02 20956.32 18093.03 19632.73 26966.64 24738.55 25029.80 
22984.15 9310.21 21574.58 22523.20 9328.21 7987.21 2607.70 1756.29 
13222.03 15822.88 21269.11 31210.66 19453.90 11867.32 15237.25 30492.19 
24604.67 23994.79 9312.18 23388.84 20798.23 15360.11 11099.19 18183.58 
32691.11 20724.16 25473.42 6769.55 11102.22 8339.54 23980.71 16990.21 
9269.71 24460.34 272.48 21642.66 19141.99 30660.00 13232.82 31778.15 
24747.80 23762.40 21223.62 13897.63 10523.47 12420.92 31713.95 24212.45 
22876.31 14169.79 9247.38 2958.22 22858.02 7429.40 502.61 15156.74 
21460.39 2289.92 17680.13 20346.09 6012.99 696.85 7914.00 23237.84 
18137.05 9899.85 6997.79 15471.38 22808.42 10830.60 18677.63 3398.40 
27255.74 12504.84 12741.39 23565.42 23752.62 28599.51 9104.95 14841.54 
18420.04 8969.02 18553.69 5941.26 14966.82 21028.64 3957.97 28511.44 
18907.23 25615.03 25804.86 17929.38 29513.75 1031.85 15003.90 29496.01 
19445.93 22012.58 24917.06 16360.25 427.35 31505.40 12349.75 21127.47 
11082.75 26143.16 32237.06 27510.02 26949.30 50.61 26835.99 29068.00 
22051.89 7435.59 28591.91 20113.06 18176.70 16284.48 23062.13 7110.36 
23562.76 11919.69 28914.53 7772.66 24837.70 22720.30 1792.39 5113.52 
32200.62 2494.88 20816.31 20280.64 14013.08 28238.30 4040.28 9253.28 
15716.21 26855.83 1441.82 9412.92 4305.93 13879.24 16873.29 11659.89 
28202.36 24989.07 14336.34 16867.24 4394.24 2477.06 10267.43 14507.68 
17568.61 29872.61 22468.54 14517.69 17137.52 29985.49 6743.93 1352.69 
26257.87 7729.57 10630.10 6812.40 10894.45 18499.71 19927.82 6753.28 
31495.00 25969.81 22305.32 2104.13 21932.49 9733.93 25874.58 22072.78 
14919.45 27905.56 32684.75 16746.92 27443.51 5272.03 32707.74 32333.09 
32222.93 690.01 18305.82 13652.70 15179.41 3436.19 19170.52 20323.31 
20627.94 12182.00 26680.47 4694.91 20319.76 3378.53 4264.48 3449.39 
32367.50 18428.57 16555.74 22033.14 31254.40 9181.71 18575.09 5074.72 
9404.69 31606.64 25843.45 23910.73 26459.08 1179.54 10062.39 25837.76 
16898.34 25813.61 11881.79 29815.45 11349.08 5600.68 12000.63 14988.70 
17931.60 6699.00 19365.95 26276.04 22383.86 347.16 15997.85 5552.05 
8671.60 15560.06 20609.74 3727.93 80.62 17405.09 8862.54 20121.26 
22472.08 2364.40 17942.22 26136.78 22498.02 15864.25 9469.26 9417.38 
2894.98 26458.61 15036.36 5728.16 14415.72 17085.72 7313.24 20226.66 
4411.10 31282.91 21005.58 1993.16 13566.05 10492.49 32149.05 2883.18 
32663.69 12309.75 21730.48 29170.01 10905.60 23207.11 27009.18 11982.46 
15787.13 21140.42 16724.36 27583.69 20233.92 25839.31 16143.69 13859.13 
5121.49 5760.73 23227.94 31566.60 16759.03 2116.60 10806.83 21765.50 
15458.20 11242.58 14769.92 9730.14 6732.16 18519.93 13361.67 1651.21 
29141.66 20003.60 23566.63 123.36 31537.29 31770.30 21367.71 7344.88 
166.85 21437.81 13549.65 16027.58 7951.83 23998.36 31684.53 20795.69 
22108.00 16007.18 15525.45 17282.00 27151.20 6835.09 11790.37 21717.02 
4544.16 19347.33 208.99 12689.34 31130.51 25515.38 2191.82 24449.09 
4827.87 819.08 13382.36 31337.49 13400.12 31895.67 22209.38 16511.58 
2808.75 18679.13 16161.39 28396.06 23092.33 19623.56 8540.14 28239.24 
3229.14 27567.68 20154.32 20282.10 5206.94 28236.47 15961.35 5811.53 
7061.75 13678.00 26026.35 23220.64 1318.93 16185.24 24817.10 11948.24 
15593.23 31620.14 27593.33 24572.38 22607.06 28764.75 10654.92 635.11 
1761.84 11906.49 15921.37 19698.27 21177.49 5609.56 13847.37 17825.47 
12550.06 27193.43 16186.44 16056.16 25228.43 14159.52 12631.74 8926.84 
9250.22 1466.94 26239.02 4526.41 12082.73 24383.41 25494.62 19508.59 
2621.11 9046.26 20695.71 29045.53 10581.53 11179.57 16974.54 2789.53 
24225.62 16542.47 20572.88 26862.81 6876.89 24004.50 54.58 20335.55 
32214.38 18020.15 31846.25 29243.91 14066.38 27130.49 7497.03 16790.25 
13734.32 6327.98 16783.56 1724.51 10750.74 2047.29 30399.98 20570.57 
21785.40 9962.39 29104.17 12050.94 10666.51 17091.65 22289.98 16891.39 
15480.12 31628.15 21474.70 4895.81 1247.60 2168.04 1528.61 17404.17 
27981.23 19568.05 13437.65 2563.59 13254.98 14991.19 22638.18 31516.58 
6753.33 2726.46 29979.99 10784.31 26568.29 15800.78 16554.28 4957.12 
14268.48 29310.99 7317.87 22805.10 7054.42 2533.02 24103.47 20479.75 
2727.83 7051.13 26371.14 23493.88 8961.19 14918.32 3485.83 7045.51 
14764.27 2205.85 21951.06 26193.97 15178.94 7501.87 30982.68 6062.12 
23699.01 14277.21 16226.88 11288.68 6866.19 17578.27 10137.13 11645.67 
3174.24 12884.04 24517.47 28606.00 322.22 5455.21 3537.73 7473.18 
29549.78 7388.50 26624.98 4897.15 18307.72 22381.01 7526.09 3660.25 
23858.61 18220.75 3693.40 10084.27 28606.44 18036.31 21841.51 8078.69 
18045.60 15446.58 7844.24 31976.00 13659.76 8470.68 20939.63 30458.15 
27991.07 21164.98 2432.15 13131.13 7429.35 14659.23 23630.99 20943.71 
